<?xml version="1.0" encoding="utf-8"?><testsuites name="pytest tests"><testsuite name="pytest" errors="0" failures="0" skipped="1" tests="143" time="29.949" timestamp="2026-09-21T11:49:13.191703+09:00" hostname="LAPTOP-F1SA5QHI"><testcase classname="tests.test_contact_c2" name="test_baseline_preserves_the_existing_task_bitwise" time="0.006" /><testcase classname="tests.test_contact_c2" name="test_declared_mesh_and_constraints[baseline_h0125-480-1078-99]" time="0.004" /><testcase classname="tests.test_contact_c2" name="test_declared_mesh_and_constraints[mesh_h00625-1920-4074-195]" time="0.006" /><testcase classname="tests.test_contact_c2" name="test_declared_mesh_and_constraints[padding_2p5-560-1254-115]" time="0.003" /><testcase classname="tests.test_contact_c2" name="test_declared_mesh_and_constraints[outer_free-480-1078-67]" time="0.003" /><testcase classname="tests.test_contact_c2" name="test_shared_physics_and_no_free_dof_reaction_groups[baseline_h0125]" time="0.005" /><testcase classname="tests.test_contact_c2" name="test_shared_physics_and_no_free_dof_reaction_groups[mesh_h00625]" time="0.007" /><testcase classname="tests.test_contact_c2" name="test_shared_physics_and_no_free_dof_reaction_groups[padding_2p5]" time="0.005" /><testcase classname="tests.test_contact_c2" name="test_shared_physics_and_no_free_dof_reaction_groups[outer_free]" time="0.004" /><testcase classname="tests.test_contact_c2" name="test_release_changes_only_declared_outer_constraints_and_force_group" time="0.004" /><testcase classname="tests.test_contact_c2" name="test_padding_keeps_common_coordinates_and_materials" time="0.004" /><testcase classname="tests.test_contact_c2" name="test_undeclared_factor_cannot_be_run" time="0.001" /><testcase classname="tests.test_contact_c2_analytic_edge" name="test_constant_integral_and_half_moment" time="0.001" /><testcase classname="tests.test_contact_c2_analytic_edge" name="test_smooth_series_and_closed_form_agree_with_gauss64[.9-harmonic_series]" time="0.042" /><testcase classname="tests.test_contact_c2_analytic_edge" name="test_smooth_series_and_closed_form_agree_with_gauss64[.6-harmonic_series]" time="0.013" /><testcase classname="tests.test_contact_c2_analytic_edge" name="test_smooth_series_and_closed_form_agree_with_gauss64[1.2-closed_form]" time="0.012" /><testcase classname="tests.test_contact_c2_analytic_edge" name="test_small_slope_does_not_lose_first_order_increment" time="0.002" /><testcase classname="tests.test_contact_c2_analytic_edge" name="test_endpoint_reversal_and_cross_precision[.8-.9]" time="0.006" /><testcase classname="tests.test_contact_c2_analytic_edge" name="test_endpoint_reversal_and_cross_precision[.8-1.2]" time="0.003" /><testcase classname="tests.test_contact_c2_analytic_edge" name="test_endpoint_reversal_and_cross_precision[.7-.000015]" time="0.003" /><testcase classname="tests.test_contact_c2_analytic_edge" name="test_nonpositive_or_nonfinite_stretch_rejected[0]" time="0.001" /><testcase classname="tests.test_contact_c2_analytic_edge" name="test_nonpositive_or_nonfinite_stretch_rejected[-1]" time="0.001" /><testcase classname="tests.test_contact_c2_analytic_edge" name="test_nonpositive_or_nonfinite_stretch_rejected[NaN]" time="0.001" /><testcase classname="tests.test_contact_c2_audit" name="test_independent_geometry_bc_material_and_operator_reconstruction[mesh_h00625]" time="0.023" /><testcase classname="tests.test_contact_c2_audit" name="test_independent_geometry_bc_material_and_operator_reconstruction[padding_2p5]" time="0.005" /><testcase classname="tests.test_contact_c2_audit" name="test_independent_geometry_bc_material_and_operator_reconstruction[outer_free]" time="0.003" /><testcase classname="tests.test_contact_c2_audit" name="test_model_primitive_tampering_is_rejected[fixed_dofs]" time="0.002" /><testcase classname="tests.test_contact_c2_audit" name="test_model_primitive_tampering_is_rejected[coordinates]" time="0.003" /><testcase classname="tests.test_contact_c2_audit" name="test_model_primitive_tampering_is_rejected[lam]" time="0.003" /><testcase classname="tests.test_contact_c2_audit" name="test_model_primitive_tampering_is_rejected[mu]" time="0.003" /><testcase classname="tests.test_contact_c2_audit" name="test_model_primitive_tampering_is_rejected[kr]" time="0.004" /><testcase classname="tests.test_contact_c2_audit" name="test_model_primitive_tampering_is_rejected[grad]" time="0.004" /><testcase classname="tests.test_contact_c2_audit" name="test_model_primitive_tampering_is_rejected[hessian]" time="0.004" /><testcase classname="tests.test_contact_c2_audit" name="test_model_primitive_tampering_is_rejected[weights]" time="0.004" /><testcase classname="tests.test_contact_c2_audit" name="test_model_primitive_tampering_is_rejected[measure_bottom_total]" time="0.003" /><testcase classname="tests.test_contact_c2_audit" name="test_model_primitive_tampering_is_rejected[direction]" time="0.004" /><testcase classname="tests.test_contact_c2_audit" name="test_model_primitive_tampering_is_rejected[group_bottom]" time="0.005" /><testcase classname="tests.test_contact_c2_audit" name="test_outer_free_retains_lift_on_free_bottom_without_prescribing_it" time="0.004" /><testcase classname="tests.test_contact_c2_audit" name="test_outer_free_whole_mean_is_observed_without_false_prescribed_gate" time="0.112" /><testcase classname="tests.test_contact_c2_audit" name="test_driven_policy_still_requires_whole_bottom_mean" time="0.109" /><testcase classname="tests.test_contact_c2_audit" name="test_component_tangent_is_checked_even_when_total_is_correct" time="0.108" /><testcase classname="tests.test_contact_c2_audit" name="test_old_precision_pair_is_rejected_by_c2_state_evaluator" time="0.009" /><testcase classname="tests.test_contact_c2_audit" name="test_protocol_cannot_relax_or_blend_factors[precision]" time="0.002" /><testcase classname="tests.test_contact_c2_audit" name="test_protocol_cannot_relax_or_blend_factors[threshold]" time="0.001" /><testcase classname="tests.test_contact_c2_audit" name="test_protocol_cannot_relax_or_blend_factors[material]" time="0.002" /><testcase classname="tests.test_contact_c2_audit" name="test_protocol_cannot_relax_or_blend_factors[case]" time="0.002" /><testcase classname="tests.test_contact_c2_audit" name="test_protocol_cannot_relax_or_blend_factors[solver]" time="0.002" /><testcase classname="tests.test_contact_c2_audit" name="test_gzip_full_controller_and_record_files_are_losslessly_bound" time="0.141" /><testcase classname="tests.test_contact_c2_audit" name="test_controller_and_per_record_corruptions_are_rejected[compact_hash]" time="0.119" /><testcase classname="tests.test_contact_c2_audit" name="test_controller_and_per_record_corruptions_are_rejected[completion_hash]" time="0.037" /><testcase classname="tests.test_contact_c2_audit" name="test_controller_and_per_record_corruptions_are_rejected[compact_count]" time="0.037" /><testcase classname="tests.test_contact_c2_audit" name="test_controller_and_per_record_corruptions_are_rejected[scalar]" time="0.029" /><testcase classname="tests.test_contact_c2_audit" name="test_controller_and_per_record_corruptions_are_rejected[record_bytes]" time="0.058" /><testcase classname="tests.test_contact_c2_audit" name="test_controller_and_per_record_corruptions_are_rejected[record_signed_zero]" time="0.054" /><testcase classname="tests.test_contact_c2_audit" name="test_controller_and_per_record_corruptions_are_rejected[record_escape]" time="0.041" /><testcase classname="tests.test_contact_c2_audit" name="test_controller_and_per_record_corruptions_are_rejected[unindexed_record]" time="0.061" /><testcase classname="tests.test_contact_c2_audit" name="test_controller_and_per_record_corruptions_are_rejected[initial_identity]" time="0.078" /><testcase classname="tests.test_contact_c2_audit" name="test_controller_and_per_record_corruptions_are_rejected[final_identity]" time="0.079" /><testcase classname="tests.test_contact_c2_audit" name="test_failed_full_controller_keeps_inventory_without_success" time="0.067" /><testcase classname="tests.test_contact_c2_audit" name="test_streamed_state_details_and_failed_run_cannot_be_upgraded[False]" time="0.033" /><testcase classname="tests.test_contact_c2_audit" name="test_streamed_state_details_and_failed_run_cannot_be_upgraded[True]" time="0.023" /><testcase classname="tests.test_contact_c2_audit" name="test_full_storage_chain_is_bound_and_relocatable_without_historical_protocol_path" time="0.795" /><testcase classname="tests.test_contact_c2_audit" name="test_run_chain_rejects_changed_bytes[metadata.json]" time="0.378" /><testcase classname="tests.test_contact_c2_audit" name="test_run_chain_rejects_changed_bytes[result.json]" time="0.372" /><testcase classname="tests.test_contact_c2_audit" name="test_run_chain_rejects_changed_bytes[stages/index.json]" time="0.340" /><testcase classname="tests.test_contact_c2_audit" name="test_run_chain_rejects_changed_bytes[stages/uniform_tmc/model.npz]" time="0.346" /><testcase classname="tests.test_contact_c2_audit" name="test_run_chain_rejects_changed_bytes[stages/uniform_tmc/initial_state.npz]" time="0.365" /><testcase classname="tests.test_contact_c2_audit" name="test_run_chain_rejects_changed_bytes[stages/uniform_tmc/controller_full.json.gz]" time="0.350" /><testcase classname="tests.test_contact_c2_audit" name="test_run_chain_rejects_changed_bytes[stages/uniform_tmc/steps/state_000.npz]" time="0.366" /><testcase classname="tests.test_contact_c2_audit" name="test_hard_interruption_is_explicitly_outside_full_inventory_certification" time="0.345" /><testcase classname="tests.test_contact_c2_audit" name="test_frozen_source_and_admission_input_manifests_reject_tampering[changed_bytes-implementation]" time="0.299" /><testcase classname="tests.test_contact_c2_audit" name="test_frozen_source_and_admission_input_manifests_reject_tampering[changed_bytes-admission]" time="0.340" /><testcase classname="tests.test_contact_c2_audit" name="test_frozen_source_and_admission_input_manifests_reject_tampering[false_hash-implementation]" time="0.322" /><testcase classname="tests.test_contact_c2_audit" name="test_frozen_source_and_admission_input_manifests_reject_tampering[false_hash-admission]" time="0.321" /><testcase classname="tests.test_contact_c2_audit" name="test_frozen_source_and_admission_input_manifests_reject_tampering[escape-implementation]" time="0.300" /><testcase classname="tests.test_contact_c2_audit" name="test_frozen_source_and_admission_input_manifests_reject_tampering[escape-admission]" time="0.335" /><testcase classname="tests.test_contact_c2_audit" name="test_frozen_source_and_admission_input_manifests_reject_tampering[absolute-implementation]" time="0.320" /><testcase classname="tests.test_contact_c2_audit" name="test_frozen_source_and_admission_input_manifests_reject_tampering[absolute-admission]" time="0.322" /><testcase classname="tests.test_contact_c2_audit" name="test_frozen_source_and_admission_input_manifests_reject_tampering[empty-implementation]" time="0.322" /><testcase classname="tests.test_contact_c2_audit" name="test_frozen_source_and_admission_input_manifests_reject_tampering[empty-admission]" time="0.324" /><testcase classname="tests.test_contact_c2_audit" name="test_frozen_source_and_admission_input_manifests_reject_tampering[not_dict-implementation]" time="0.295" /><testcase classname="tests.test_contact_c2_audit" name="test_frozen_source_and_admission_input_manifests_reject_tampering[not_dict-admission]" time="0.347" /><testcase classname="tests.test_contact_c2_fields" name="test_gauss_exact_polynomial_moments_at_declared_precision" time="0.029" /><testcase classname="tests.test_contact_c2_fields" name="test_rigid_split_translation_has_zero_stress_and_weak_force" time="0.007" /><testcase classname="tests.test_contact_c2_fields" name="test_affine_compression_direct_top_sign_and_half_nodal_projection" time="0.024" /><testcase classname="tests.test_contact_c2_fields" name="test_bilinear_field_reassembles_reference_and_nonzero_virtual_work" time="0.023" /><testcase classname="tests.test_contact_c2_fields" name="test_new_boundary_quantities_cross_precision" time="0.067" /><testcase classname="tests.test_contact_c2_fields" name="test_field_to_sbp_pipeline_preserves_physical_and_consistent_edge_rules" time="0.024" /><testcase classname="tests.test_contact_c2_fields" name="test_invalid_reconstruction_is_not_silent[nonfinite]" time="0.002" /><testcase classname="tests.test_contact_c2_fields" name="test_invalid_reconstruction_is_not_silent[inverted]" time="0.002" /><testcase classname="tests.test_contact_c2_fields" name="test_invalid_reconstruction_is_not_silent[nonrectangle]" time="0.002" /><testcase classname="tests.test_contact_c2_isolated" name="test_successful_unchanged_audit_permits_next_case" time="0.050" /><testcase classname="tests.test_contact_c2_isolated" name="test_written_pass_cannot_hide_failed_or_changed_evidence[timeout]" time="0.038" /><testcase classname="tests.test_contact_c2_isolated" name="test_written_pass_cannot_hide_failed_or_changed_evidence[exit]" time="0.036" /><testcase classname="tests.test_contact_c2_isolated" name="test_written_pass_cannot_hide_failed_or_changed_evidence[missing_receipt]" time="0.032" /><testcase classname="tests.test_contact_c2_isolated" name="test_written_pass_cannot_hide_failed_or_changed_evidence[audit]" time="0.039" /><testcase classname="tests.test_contact_c2_isolated" name="test_written_pass_cannot_hide_failed_or_changed_evidence[detail]" time="0.034" /><testcase classname="tests.test_contact_c2_isolated" name="test_written_pass_cannot_hide_failed_or_changed_evidence[source]" time="0.036" /><testcase classname="tests.test_contact_c2_isolated" name="test_written_pass_cannot_hide_failed_or_changed_evidence[log]" time="0.046" /><testcase classname="tests.test_contact_c2_isolated" name="test_written_pass_cannot_hide_failed_or_changed_evidence[protocol]" time="0.026" /><testcase classname="tests.test_contact_c2_readback" name="test_exact_two_absent_sources_never_enter_verified_bindings" time="2.087" /><testcase classname="tests.test_contact_c2_readback" name="test_present_historical_sources_are_verified_when_available" time="0.006"><skipped type="pytest.skip" message="external historical source bytes are intentionally optional">D:\Coding\Diversity TO\Compliant-Nonlinear-TMC-O\.github_handoff\c2_s0_validation\baseline_tree\hf_repo\tests\test_contact_c2_readback.py:49: external historical source bytes are intentionally optional</skipped></testcase><testcase classname="tests.test_contact_c2_readback" name="test_no_other_missing_changed_or_polluted_evidence_is_accepted[changed_expected_hash]" time="0.612" /><testcase classname="tests.test_contact_c2_readback" name="test_no_other_missing_changed_or_polluted_evidence_is_accepted[renamed_exception]" time="0.647" /><testcase classname="tests.test_contact_c2_readback" name="test_no_other_missing_changed_or_polluted_evidence_is_accepted[extra_entry]" time="0.638" /><testcase classname="tests.test_contact_c2_readback" name="test_no_other_missing_changed_or_polluted_evidence_is_accepted[missing_ordinary]" time="0.642" /><testcase classname="tests.test_contact_c2_readback" name="test_no_other_missing_changed_or_polluted_evidence_is_accepted[changed_ordinary]" time="0.654" /><testcase classname="tests.test_contact_c2_readback" name="test_no_other_missing_changed_or_polluted_evidence_is_accepted[present_corrupt_external]" time="0.575" /><testcase classname="tests.test_contact_c2_readback" name="test_no_other_missing_changed_or_polluted_evidence_is_accepted[invalid_hash]" time="0.571" /><testcase classname="tests.test_contact_c2_readback" name="test_no_other_missing_changed_or_polluted_evidence_is_accepted[path_traversal]" time="0.807" /><testcase classname="tests.test_contact_c2_readback" name="test_no_other_missing_changed_or_polluted_evidence_is_accepted[polluted_absent_binding]" time="0.588" /><testcase classname="tests.test_contact_c2_readback" name="test_no_other_missing_changed_or_polluted_evidence_is_accepted[conflicting_present_binding]" time="0.634" /><testcase classname="tests.test_contact_c2_readback" name="test_load_run_ast_has_only_the_declared_provenance_differences" time="0.009" /><testcase classname="tests.test_contact_c2_readback" name="test_audit_ast_preserves_arithmetic_thresholds_inventory_and_prefix" time="0.007" /><testcase classname="tests.test_contact_c2_readback" name="test_fixed_protocol_auditor_and_manifest_scope_are_exact" time="0.043" /><testcase classname="tests.test_contact_c2_readback" name="test_changed_protocol_rejected_before_any_state_evaluation" time="0.024" /><testcase classname="tests.test_contact_c2_readback" name="test_frozen_execution_guard_rejects_readback_schema_even_with_success_receipts[numerical_pass]" time="0.036" /><testcase classname="tests.test_contact_c2_readback" name="test_frozen_execution_guard_rejects_readback_schema_even_with_success_receipts[pass]" time="0.039" /><testcase classname="tests.test_contact_c2_readback" name="test_input_error_is_nonzero_with_only_new_schema_and_no_admission" time="0.024" /><testcase classname="tests.test_contact_c2_readback" name="test_reserved_execution_audit_name_is_rejected_without_writing" time="0.007" /><testcase classname="tests.test_contact_c2_readback" name="test_fresh_import_uses_no_jax_or_production_kernel" time="0.706" /><testcase classname="tests.test_contact_c2_runner" name="test_missing_admission_never_starts_or_creates_run" time="0.060" /><testcase classname="tests.test_contact_c2_runner" name="test_baseline_is_preflight_only" time="0.027" /><testcase classname="tests.test_contact_c2_runner" name="test_full_and_each_accepted_record_are_losslessly_retained" time="2.903" /><testcase classname="tests.test_summarize_contact_c2" name="test_hat_has_fixed_spatial_support_and_exact_nested_values" time="0.001" /><testcase classname="tests.test_summarize_contact_c2" name="test_signed_hp_observables_and_measured_error_envelope" time="0.001" /><testcase classname="tests.test_summarize_contact_c2" name="test_bad_force_sum_and_missing_error_primitive_are_rejected" time="0.001" /><testcase classname="tests.test_summarize_contact_c2" name="test_prefix_is_absorbing_even_if_later_audit_claims_comparable" time="0.001" /><testcase classname="tests.test_summarize_contact_c2" name="test_comparison_sums_two_norm_scaled_envelopes_and_never_interpolates" time="0.001" /><testcase classname="tests.test_summarize_contact_c2" name="test_compact_detail_failed_path_keeps_only_valid_prefix" time="0.258" /><testcase classname="tests.test_summarize_contact_c2" name="test_tampered_detail_invalidates_chain_without_fallback" time="0.718" /><testcase classname="tests.test_summarize_contact_c2" name="test_unexecuted_case_stays_planned_and_null" time="0.234" /><testcase classname="tests.test_summarize_contact_c2" name="test_generalized_force_sign_and_free_direction_are_verified" time="0.001" /><testcase classname="tests.test_summarize_contact_c2" name="test_written_pass_requires_bound_successful_process_receipts" time="0.127" /><testcase classname="tests.test_summarize_contact_c2" name="test_bad_external_receipt_denies_admission_but_keeps_valid_hp_prefix[exit]" time="0.393" /><testcase classname="tests.test_summarize_contact_c2" name="test_bad_external_receipt_denies_admission_but_keeps_valid_hp_prefix[timeout]" time="0.129" /><testcase classname="tests.test_summarize_contact_c2" name="test_bad_external_receipt_denies_admission_but_keeps_valid_hp_prefix[protocol_hash]" time="0.105" /><testcase classname="tests.test_summarize_contact_c2" name="test_bad_external_receipt_denies_admission_but_keeps_valid_hp_prefix[log_hash]" time="0.123" /><testcase classname="tests.test_summarize_contact_c2" name="test_bad_external_receipt_denies_admission_but_keeps_valid_hp_prefix[audit_hash]" time="0.523" /><testcase classname="tests.test_summarize_contact_c2" name="test_missing_receipt_is_pending_and_cannot_admit" time="0.089" /><testcase classname="tests.test_summarize_contact_c2" name="test_production_failure_cannot_be_admitted_by_written_audit_pass" time="0.099" /><testcase classname="tests.test_summarize_contact_c2_r2" name="test_manifest_excludes_itself_and_rejects_self_entry" time="0.058" /><testcase classname="tests.test_summarize_contact_c2_r2" name="test_changed_output_is_rejected_without_overwriting_manifest" time="0.064" /></testsuite></testsuites>