<?xml version="1.0" encoding="utf-8"?><testsuites name="pytest tests"><testsuite name="pytest" errors="0" failures="0" skipped="1" tests="89" time="1.000" timestamp="2026-09-13T19:59:03.149004+09:00" hostname="LAPTOP-F1SA5QHI"><testcase classname="tests.test_data" name="test_round_trip_preserves_authority_and_inputs" time="0.022" /><testcase classname="tests.test_data" name="test_hashes_distinguish_shapes_scale_and_direction_without_including_source" time="0.015" /><testcase classname="tests.test_data" name="test_writer_rejects_nonbinary_before_cast[0.5]" time="0.003" /><testcase classname="tests.test_data" name="test_writer_rejects_nonbinary_before_cast[256]" time="0.002" /><testcase classname="tests.test_data" name="test_writer_rejects_nonbinary_before_cast[-1]" time="0.002" /><testcase classname="tests.test_data" name="test_writer_rejects_nonbinary_before_cast[nan]" time="0.003" /><testcase classname="tests.test_data" name="test_writer_rejects_nonbinary_before_cast[inf]" time="0.002" /><testcase classname="tests.test_data" name="test_writer_rejects_invalid_masks[partition]" time="0.004" /><testcase classname="tests.test_data" name="test_writer_rejects_invalid_masks[passive_solid]" time="0.002" /><testcase classname="tests.test_data" name="test_writer_rejects_invalid_masks[passive_void]" time="0.002" /><testcase classname="tests.test_data" name="test_writer_rejects_invalid_masks[shape]" time="0.002" /><testcase classname="tests.test_data" name="test_writer_rejects_invalid_masks[object]" time="0.002" /><testcase classname="tests.test_data" name="test_writer_rejects_invalid_physics[thickness_mm--1]" time="0.002" /><testcase classname="tests.test_data" name="test_writer_rejects_invalid_physics[thickness_mm-inf]" time="0.002" /><testcase classname="tests.test_data" name="test_writer_rejects_invalid_physics[length_unit-m]" time="0.003" /><testcase classname="tests.test_data" name="test_writer_rejects_invalid_physics[schema_version-legacy-unknown]" time="0.002" /><testcase classname="tests.test_data" name="test_writer_rejects_inconsistent_grid[axes-value0]" time="0.002" /><testcase classname="tests.test_data" name="test_writer_rejects_inconsistent_grid[array_order-top_down]" time="0.002" /><testcase classname="tests.test_data" name="test_writer_rejects_inconsistent_grid[shape_yx-value2]" time="0.002" /><testcase classname="tests.test_data" name="test_writer_rejects_inconsistent_grid[extent_mm-value3]" time="0.002" /><testcase classname="tests.test_data" name="test_writer_rejects_inconsistent_grid[origin_mm-value4]" time="0.002" /><testcase classname="tests.test_data" name="test_writer_rejects_inconsistent_grid[cell_size_mm-value5]" time="0.002" /><testcase classname="tests.test_data" name="test_descriptor_tampering_detected_before_unsafe_read" time="0.009" /><testcase classname="tests.test_data" name="test_signed_nonportable_reference_rejected[../outside.npz]" time="0.009" /><testcase classname="tests.test_data" name="test_signed_nonportable_reference_rejected[/outside.npz]" time="0.008" /><testcase classname="tests.test_data" name="test_signed_nonportable_reference_rejected[C:\\outside.npz]" time="0.008" /><testcase classname="tests.test_data" name="test_signed_nonportable_reference_rejected[sub/geometry.npz]" time="0.007" /><testcase classname="tests.test_data" name="test_corrupt_npz_and_signed_invalid_npz" time="0.011" /><testcase classname="tests.test_data" name="test_pickle_arrays_and_internal_hash_mismatch_rejected" time="0.024" /><testcase classname="tests.test_data" name="test_nan_and_duplicate_json_keys_rejected" time="0.004" /><testcase classname="tests.test_data" name="test_reader_rejects_wrong_stored_dtype_even_after_file_hash_update" time="0.010" /><testcase classname="tests.test_data" name="test_descriptor_symlink_cannot_introduce_external_dependency" time="0.006"><skipped type="pytest.skip" message="Platform does not permit creating a symlink: [WinError 1314] 客户端没有所需的特权。: 'C:\\Users\\Lenovo\\AppData\\Local\\Temp\\pytest-of-Lenovo\\pytest-371\\test_descriptor_symlink_cannot0\\external\\geometry.json' -&gt; 'C:\\Users\\Lenovo\\AppData\\Local\\Temp\\pytest-of-Lenovo\\pytest-371\\test_descriptor_symlink_cannot0\\package\\geometry.json'">D:\Coding\Diversity TO\Compliant-Nonlinear-TMC-O\hf_repo\tests\test_data.py:220: Platform does not permit creating a symlink: [WinError 1314] 客户端没有所需的特权。: 'C:\\Users\\Lenovo\\AppData\\Local\\Temp\\pytest-of-Lenovo\\pytest-371\\test_descriptor_symlink_cannot0\\external\\geometry.json' -&gt; 'C:\\Users\\Lenovo\\AppData\\Local\\Temp\\pytest-of-Lenovo\\pytest-371\\test_descriptor_symlink_cannot0\\package\\geometry.json'</skipped></testcase><testcase classname="tests.test_data" name="test_lower_half_accepts_partial_entity_symmetry_segment" time="0.009" /><testcase classname="tests.test_data" name="test_lower_half_rejects_invalid_symmetry_definition[missing]" time="0.002" /><testcase classname="tests.test_data" name="test_lower_half_rejects_invalid_symmetry_definition[interior]" time="0.002" /><testcase classname="tests.test_data" name="test_lower_half_rejects_invalid_symmetry_definition[wrong_component]" time="0.002" /><testcase classname="tests.test_data" name="test_lower_half_rejects_invalid_symmetry_definition[mixed_components]" time="0.002" /><testcase classname="tests.test_data" name="test_lower_half_rejects_invalid_symmetry_definition[port]" time="0.002" /><testcase classname="tests.test_data" name="test_lower_half_rejects_invalid_symmetry_definition[off_grid]" time="0.002" /><testcase classname="tests.test_data" name="test_lower_half_rejects_invalid_symmetry_definition[outside]" time="0.002" /><testcase classname="tests.test_data" name="test_signed_descriptor_cannot_hide_missing_half_symmetry" time="0.011" /><testcase classname="tests.test_evaluation" name="test_success_does_not_promote_research_qualification" time="0.079" /><testcase classname="tests.test_evaluation" name="test_configuration_failure_persisted_with_null_target" time="0.041" /><testcase classname="tests.test_evaluation" name="test_bad_geometry_separate_from_numerical_failure" time="0.016" /><testcase classname="tests.test_evaluation" name="test_output_directory_not_overwritten" time="0.007" /><testcase classname="tests.test_evaluation" name="test_explicit_volume_failure_blocks_analysis_without_changing_geometry" time="0.019" /><testcase classname="tests.test_linear" name="test_rectangular_element_affine_stress_forces_and_energy[2.3-1.4-0.7]" time="0.001" /><testcase classname="tests.test_linear" name="test_rectangular_element_affine_stress_forces_and_energy[0.6-3.1-2.0]" time="0.000" /><testcase classname="tests.test_linear" name="test_rectangular_element_linear_rigid_modes" time="0.001" /><testcase classname="tests.test_linear" name="test_average_constraint_is_not_a_rigid_port_binding" time="0.001" /><testcase classname="tests.test_linear" name="test_generalized_output_spring_and_force_sign_have_analytic_solution" time="0.001" /><testcase classname="tests.test_linear" name="test_fixed_dof_reaction_sign_and_average_constraint" time="0.001" /><testcase classname="tests.test_linear" name="test_zero_input_has_finite_zero_response_and_nonzero_normalizer" time="0.001" /><testcase classname="tests.test_linear" name="test_invalid_or_singular_system_is_not_returned_as_success[K0-b0-1.0-fixed0-kwargs0]" time="0.001" /><testcase classname="tests.test_linear" name="test_invalid_or_singular_system_is_not_returned_as_success[K1-b1-1.0-fixed1-kwargs1]" time="0.001" /><testcase classname="tests.test_linear" name="test_invalid_or_singular_system_is_not_returned_as_success[K2-b2-nan-fixed2-kwargs2]" time="0.001" /><testcase classname="tests.test_linear" name="test_invalid_or_singular_system_is_not_returned_as_success[K3-b3-1.0-fixed3-kwargs3]" time="0.001" /><testcase classname="tests.test_linear" name="test_invalid_or_singular_system_is_not_returned_as_success[K4-b4-1.0-fixed4-kwargs4]" time="0.001" /><testcase classname="tests.test_linear" name="test_invalid_or_singular_system_is_not_returned_as_success[K5-b5-1.0-fixed5-kwargs5]" time="0.001" /><testcase classname="tests.test_linear" name="test_small_mesh_assembly_recovery_inactive_nodes_and_support_filtering" time="0.003" /><testcase classname="tests.test_linear" name="test_unattached_port_is_rejected_without_reweighting" time="0.001" /><testcase classname="tests.test_linear" name="test_unsupported_semantics_are_rejected[quadrature]" time="0.000" /><testcase classname="tests.test_linear" name="test_unsupported_semantics_are_rejected[plane_stress]" time="0.000" /><testcase classname="tests.test_linear" name="test_unsupported_semantics_are_rejected[auxiliary_spring]" time="0.000" /><testcase classname="tests.test_linear" name="test_unsupported_semantics_are_rejected[workpiece]" time="0.000" /><testcase classname="tests.test_linear" name="test_unsupported_semantics_are_rejected[unknown_field]" time="0.000" /><testcase classname="tests.test_linear" name="test_unsupported_semantics_are_rejected[wrong_port_tag]" time="0.000" /><testcase classname="tests.test_linear" name="test_unsupported_semantics_are_rejected[empty_constraints]" time="0.000" /><testcase classname="tests.test_linear" name="test_unsupported_semantics_are_rejected[unknown_qualification]" time="0.000" /><testcase classname="tests.test_linear" name="test_invalid_material_or_element_dimensions[0-0.3-1-1-1]" time="0.000" /><testcase classname="tests.test_linear" name="test_invalid_material_or_element_dimensions[1-0.5-1-1-1]" time="0.000" /><testcase classname="tests.test_linear" name="test_invalid_material_or_element_dimensions[1-0.3--1-1-1]" time="0.000" /><testcase classname="tests.test_linear" name="test_invalid_material_or_element_dimensions[1-0.3-1-1-nan]" time="0.000" /><testcase classname="tests.test_regions" name="test_x_fast_bottom_up_nodes_and_positive_connectivity" time="0.009" /><testcase classname="tests.test_regions" name="test_nonzero_origin_asymmetric_cell_marker" time="0.021" /><testcase classname="tests.test_regions" name="test_port_weights_reference_average_and_virtual_work" time="0.009" /><testcase classname="tests.test_regions" name="test_refinement_rebuilds_weights_for_same_physical_segment" time="0.014" /><testcase classname="tests.test_regions" name="test_region_rejects_snapping_diagonal_and_outside[points0]" time="0.008" /><testcase classname="tests.test_regions" name="test_region_rejects_snapping_diagonal_and_outside[points1]" time="0.007" /><testcase classname="tests.test_regions" name="test_region_rejects_snapping_diagonal_and_outside[points2]" time="0.007" /><testcase classname="tests.test_regions" name="test_region_rejects_snapping_diagonal_and_outside[points3]" time="0.014" /><testcase classname="tests.test_regions" name="test_region_rejects_snapping_diagonal_and_outside[points4]" time="0.008" /><testcase classname="tests.test_regions" name="test_region_rejects_snapping_diagonal_and_outside[points5]" time="0.008" /><testcase classname="tests.test_regions" name="test_region_ulp_tolerance_is_not_geometric_snapping" time="0.014" /><testcase classname="tests.test_regions" name="test_qualification_pending_thresholds_and_volume_failure" time="0.009" /><testcase classname="tests.test_regions" name="test_design_fraction_excludes_passive_regions" time="0.017" /><testcase classname="tests.test_regions" name="test_diagonal_only_contact_cannot_pass_shared_edge_body_check" time="0.008" /><testcase classname="tests.test_regions" name="test_ports_do_not_silently_drop_unattached_nodes" time="0.010" /><testcase classname="tests.test_regions" name="test_empty_geometry_and_unsupported_criteria_are_explicit" time="0.016" /></testsuite></testsuites>